c:\users\vlad.petrescu\documents\github\serpents-rpc\xmlrpc_c_plugin\debug\vc120.pdb
c:\users\vlad.petrescu\documents\github\serpents-rpc\xmlrpc_c_plugin\debug\vc120.idb
c:\users\vlad.petrescu\documents\github\serpents-rpc\xmlrpc_c_plugin\debug\implservermethod.obj
c:\users\vlad.petrescu\documents\github\serpents-rpc\xmlrpc_c_plugin\debug\method.obj
c:\users\vlad.petrescu\documents\github\serpents-rpc\xmlrpc_c_plugin\debug\parametercontainer.obj
c:\users\vlad.petrescu\documents\github\serpents-rpc\xmlrpc_c_plugin\debug\repository.obj
c:\users\vlad.petrescu\documents\github\serpents-rpc\xmlrpc_c_plugin\debug\retvalue.obj
c:\users\vlad.petrescu\documents\github\serpents-rpc\xmlrpc_c_plugin\debug\xmlrpc_c_serveroptions.obj
c:\users\vlad.petrescu\documents\github\serpents-rpc\xmlrpc_c_plugin\debug\xmlrpc_c_startup.obj
c:\users\vlad.petrescu\documents\github\serpents-rpc\build\debug\xmlrpc_c_plugin.ilk
c:\users\vlad.petrescu\documents\github\serpents-rpc\build\debug\xmlrpc_c_plugin.dll
c:\users\vlad.petrescu\documents\github\serpents-rpc\build\debug\xmlrpc_c_plugin.pdb
c:\users\vlad.petrescu\documents\github\serpents-rpc\build\debug\xmlrpc_c_plugin.lib
c:\users\vlad.petrescu\documents\github\serpents-rpc\build\debug\xmlrpc_c_plugin.exp
c:\users\vlad.petrescu\documents\github\serpents-rpc\xmlrpc_c_plugin\debug\xmlrpc_c_plugin.tlog\cl.command.1.tlog
c:\users\vlad.petrescu\documents\github\serpents-rpc\xmlrpc_c_plugin\debug\xmlrpc_c_plugin.tlog\cl.read.1.tlog
c:\users\vlad.petrescu\documents\github\serpents-rpc\xmlrpc_c_plugin\debug\xmlrpc_c_plugin.tlog\cl.write.1.tlog
c:\users\vlad.petrescu\documents\github\serpents-rpc\xmlrpc_c_plugin\debug\xmlrpc_c_plugin.tlog\link.command.1.tlog
c:\users\vlad.petrescu\documents\github\serpents-rpc\xmlrpc_c_plugin\debug\xmlrpc_c_plugin.tlog\link.read.1.tlog
c:\users\vlad.petrescu\documents\github\serpents-rpc\xmlrpc_c_plugin\debug\xmlrpc_c_plugin.tlog\link.write.1.tlog
c:\users\vlad.petrescu\documents\github\serpents-rpc\xmlrpc_c_plugin\debug\xmlrpc_c_plugin.tlog\xmlrpc_c_plugin.write.1u.tlog
